<?xml version="1.0" encoding="UTF-8"?>
<!-- Generated by org.testng.reporters.JUnitReportReporter -->
<testsuite hostname="LAPTOP-SONA6B0H" name="com.course.cases.GetUserInfoListTest" tests="1" failures="0" timestamp="22 Feb 2020 07:49:38 GMT" time="2.190" errors="0">
  <testcase name="getUserListInfo" time="2.190" classname="com.course.cases.GetUserInfoListTest"/>
</testsuite>
