<?xml version="1.0" encoding="UTF-8"?>
<!-- Generated by org.testng.reporters.JUnitReportReporter -->
<testsuite hostname="LAPTOP-SONA6B0H" name="com.course.cases.LoginTest" tests="2" failures="0" timestamp="22 Feb 2020 07:49:38 GMT" time="9.550" errors="0">
  <testcase name="loginFalse" time="3.080" classname="com.course.cases.LoginTest"/>
  <testcase name="loginTrue" time="6.470" classname="com.course.cases.LoginTest"/>
</testsuite>
